<?xml version="1.0" encoding="UTF-8"?>
<testng-results ignored="0" total="2" passed="2" failed="0" skipped="0">
  <reporter-output>
  </reporter-output>
  <suite started-at="2023-11-05T23:02:24 IST" name="Default suite" finished-at="2023-11-05T23:02:25 IST" duration-ms="52">
    <groups>
    </groups>
    <test started-at="2023-11-05T23:02:24 IST" name="Default test" finished-at="2023-11-05T23:02:25 IST" duration-ms="52">
      <class name="PRACTICE.dataProviderReturnTypes">
        <test-method signature="test2([[Ljava.lang.String;)[pri:0, instance:PRACTICE.dataProviderReturnTypes@175c2241]" started-at="2023-11-05T23:02:25 IST" name="test2" data-provider="gg" finished-at="2023-11-05T23:02:25 IST" duration-ms="10" status="PASS">
          <params>
            <param index="0">
              <value>
                <![CDATA[[[Ljava.lang.String;@be35cd9]]>
              </value>
            </param>
          </params>
          <reporter-output>
          </reporter-output>
        </test-method> <!-- test2 -->
        <test-method signature="test2([[Ljava.lang.String;)[pri:0, instance:PRACTICE.dataProviderReturnTypes@175c2241]" started-at="2023-11-05T23:02:25 IST" name="test2" data-provider="gg" finished-at="2023-11-05T23:02:25 IST" duration-ms="1" status="PASS">
          <params>
            <param index="0">
              <value>
                <![CDATA[[[Ljava.lang.String;@2f8dad04]]>
              </value>
            </param>
          </params>
          <reporter-output>
          </reporter-output>
        </test-method> <!-- test2 -->
      </class> <!-- PRACTICE.dataProviderReturnTypes -->
    </test> <!-- Default test -->
  </suite> <!-- Default suite -->
</testng-results>
