<?xml version="1.0" encoding="UTF-8"?>
<!-- Generated by org.testng.reporters.JUnitXMLReporter -->
<testsuite ignored="1" hostname="LAPTOP-U66FBCGM" failures="0" tests="1" name="crossBrowserFirefox" time="10.892" errors="0" timestamp="2023-10-24T21:43:01 IST">
  <testcase classname="PRACTICE.ParameterDemoParallel" name="youtube" time="7.106"/>
  <testcase classname="PRACTICE.ParameterDemoParallel" name="google" time="0.0">
    <ignored/>
  </testcase> <!-- google -->
</testsuite> <!-- crossBrowserFirefox -->
