<?xml version="1.0" encoding="UTF-8"?>
<!-- Generated by org.testng.reporters.JUnitXMLReporter -->
<testsuite ignored="1" hostname="LAPTOP-U66FBCGM" failures="0" tests="1" name="crossBrowserEdge" time="6.509" errors="0" timestamp="2023-10-24T21:42:50 IST">
  <testcase classname="PRACTICE.ParameterDemoParallel" name="google" time="2.2"/>
  <testcase classname="PRACTICE.ParameterDemoParallel" name="youtube" time="0.0">
    <ignored/>
  </testcase> <!-- youtube -->
</testsuite> <!-- crossBrowserEdge -->
