<?xml version="1.0" encoding="UTF-8"?>
<!-- Generated by org.testng.reporters.JUnitXMLReporter -->
<testsuite ignored="0" hostname="LAPTOP-U66FBCGM" failures="1" tests="1" name="Edge Test" time="14.478" errors="0" timestamp="2023-10-14T22:53:46 IST">
  <testcase classname="TEST.Login_With_Valid_Credentials" name="verifyLogin" time="1.926">
    <failure type="java.lang.AssertionError" message="expected [Guru99 Bank Manager HomePage ] but found [Guru99 Bank Manager HomePage]">
      <![CDATA[java.lang.AssertionError: expected [Guru99 Bank Manager HomePage ] but found [Guru99 Bank Manager HomePage]
at TEST.Login_With_Valid_Credentials.verifyLogin(Login_With_Valid_Credentials.java:22)
at java.base/java.util.ArrayList.forEach(ArrayList.java:1511)
... Removed 31 stack frames]]>
    </failure>
  </testcase> <!-- verifyLogin -->
</testsuite> <!-- Edge Test -->
